#
# A fatal error has been detected by the Java Runtime Environment:
#
#  SIGSEGV (0xb) at pc=0x00007fd36ea39430, pid=13499, tid=140545332541184
#
# JRE version: Java(TM) SE Runtime Environment (8.0_45-b14) (build 1.8.0_45-b14)
# Java VM: Java HotSpot(TM) 64-Bit Server VM (25.45-b02 mixed mode linux-amd64 compressed oops)
# Problematic frame:
# V  [libjvm.so+0x899430]  Method::checked_resolve_jmethod_id(_jmethodID*)+0x20
#
# Failed to write core dump. Core dumps have been disabled. To enable core dumping, try "ulimit -c unlimited" before starting Java again
#
# If you would like to submit a bug report, please visit:
#   http://bugreport.java.com/bugreport/crash.jsp
#

---------------  T H R E A D  ---------------

Current thread (0x00007fd3680ce800):  JavaThread "JDWP Transport Listener: dt_socket" daemon [_thread_in_vm, id=13515, stack(0x00007fd3428ef000,0x00007fd3429f0000)]

siginfo: si_signo: 11 (SIGSEGV), si_code: 128 (SI_KERNEL), si_addr: 0x0000000000000000

Registers:
RAX=0x0000000000000001, RBX=0x00007fd3680095d0, RCX=0x00007fd36fb69320, RDX=0x00007fd36f13dca0
RSP=0x00007fd3429ee890, RBP=0x00007fd3429ee8a0, RSI=0x00007fd3680ce800, RDI=0x6d656c4564657400
R8 =0x4c2f6c6974752f00, R9 =0x00007fd330008d50, R10=0x6d2f617a7a69702f, R11=0x00007fd36f2eee70
R12=0x0000000000000017, R13=0x6d656c4564657400, R14=0x00007fd3680ce800, R15=0x00007fd3429ee9a7
RIP=0x00007fd36ea39430, EFLAGS=0x0000000000010206, CSGSFS=0x0000000000000033, ERR=0x0000000000000000
  TRAPNO=0x000000000000000d

Top of Stack: (sp=0x00007fd3429ee890)
0x00007fd3429ee890:   0000000000000074 00007fd3680095d0
0x00007fd3429ee8a0:   00007fd3429ee910 00007fd36e8caf9e
0x00007fd3429ee8b0:   0000000000000073 00007fd3429ee8c0
0x00007fd3429ee8c0:   00007fd3680ce800 0000000000000000
0x00007fd3429ee8d0:   00007fd300000000 0000000000000000
0x00007fd3429ee8e0:   00007fd3429ee900 00007fd36d849e40
0x00007fd3429ee8f0:   6d656c4564657400 00007fd3429ee9a7
0x00007fd3429ee900:   0000000000000003 00007fd3429ee9a7
0x00007fd3429ee910:   00007fd3429ee940 00007fd36d6358c2
0x00007fd3429ee920:   00007fd3429ee940 6d656c4564657400
0x00007fd3429ee930:   00007fd3429eea10 0000000000000018
0x00007fd3429ee940:   00007fd3429ee9d0 00007fd36d616aa0
0x00007fd3429ee950:   00007fd3429ee988 00007fd3429ee980
0x00007fd3429ee960:   00007fd3429ee978 00007fd3429ee99c
0x00007fd3429ee970:   000000013001b700 0000000000000000
0x00007fd3429ee980:   0000000000000000 0000000000000000
0x00007fd3429ee990:   00007fd330018dd0 00000001429eea10
0x00007fd3429ee9a0:   0000000000000004 0000000000000002
0x00007fd3429ee9b0:   000000000000000f 0000000000000002
0x00007fd3429ee9c0:   00000000000f0200 000000000000000f
0x00007fd3429ee9d0:   00007fd3429eec20 00007fd36d6219c6
0x00007fd3429ee9e0:   000004b000000013 00007fd36e0f0200
0x00007fd3429ee9f0:   00007fd328000ba0 00007fd36eaa9eca
0x00007fd3429eea00:   00007fd3429eea10 00007fd3429eeba0
0x00007fd3429eea10:   00007fd3429eeb57 00007fd300000035
0x00007fd3429eea20:   00007fd3429eea28 00007fd3000000f7
0x00007fd3429eea30:   00007fd3429eea60 0000000000000000
0x00007fd3429eea40:   0000000000000000 000004b00000001c
0x00007fd3429eea50:   00007fd30000e880 00007fd3429eea60
0x00007fd3429eea60:   d37f000004000000 06000000d8180130
0x00007fd3429eea70:   00003e74696e693c 0000005629280300
0x00007fd3429eea80:   7f00000100000000 00000030d10130d3 

Instructions: (pc=0x00007fd36ea39430)
0x00007fd36ea39410:   55 48 89 e5 53 48 83 ec 08 48 85 ff 75 12 31 db
0x00007fd36ea39420:   48 89 d8 48 83 c4 08 5b c9 c3 66 0f 1f 44 00 00
0x00007fd36ea39430:   48 8b 1f 48 85 db 74 e6 48 83 fb 37 74 e0 48 8b
0x00007fd36ea39440:   03 48 89 df ff 50 10 84 c0 0f 1f 80 00 00 00 00 

Register to memory mapping:

RAX=0x0000000000000001 is an unknown value
RBX=0x00007fd3680095d0 is an unknown value
RCX=0x00007fd36fb69320: <offset 0x219320> in /lib/x86_64-linux-gnu/libpthread.so.0 at 0x00007fd36f950000
RDX=0x00007fd36f13dca0: <offset 0xf9dca0> in /usr/lib/jvm/java-8-oracle/jre/lib/amd64/server/libjvm.so at 0x00007fd36e1a0000
RSP=0x00007fd3429ee890 is pointing into the stack for thread: 0x00007fd3680ce800
RBP=0x00007fd3429ee8a0 is pointing into the stack for thread: 0x00007fd3680ce800
RSI=0x00007fd3680ce800 is a thread
RDI=0x6d656c4564657400 is an unknown value
R8 =0x4c2f6c6974752f00 is an unknown value
R9 =0x00007fd330008d50 is an unknown value
R10=0x6d2f617a7a69702f is an unknown value
R11=0x00007fd36f2eee70: <offset 0x186e70> in /lib/x86_64-linux-gnu/libc.so.6 at 0x00007fd36f168000
R12=0x0000000000000017 is an unknown value
R13=0x6d656c4564657400 is an unknown value
R14=0x00007fd3680ce800 is a thread
R15=0x00007fd3429ee9a7 is pointing into the stack for thread: 0x00007fd3680ce800


Stack: [0x00007fd3428ef000,0x00007fd3429f0000],  sp=0x00007fd3429ee890,  free space=1022k
Native frames: (J=compiled Java code, j=interpreted, Vv=VM code, C=native code)
V  [libjvm.so+0x899430]  Method::checked_resolve_jmethod_id(_jmethodID*)+0x20
V  [libjvm.so+0x72af9e]  jvmti_IsMethodSynthetic+0x2be
C  [libjdwp.so+0x258c2]  isMethodSynthetic+0x42
C  [libjdwp.so+0x6aa0]  methods1+0x1b0
C  [libjdwp.so+0x119c6]  debugLoop_run+0x2b6
C  [libjdwp.so+0x247ff]  attachThread+0x2f
V  [libjvm.so+0x797102]  JvmtiAgentThread::call_start_function()+0xc2
V  [libjvm.so+0xa5c86f]  JavaThread::thread_main_inner()+0xdf
V  [libjvm.so+0xa5c99c]  JavaThread::run()+0x11c
V  [libjvm.so+0x910de8]  java_start(Thread*)+0x108
C  [libpthread.so.0+0x8182]  start_thread+0xc2


---------------  P R O C E S S  ---------------

Java Threads: ( => current thread )
  0x00007fd2d4005000 JavaThread "http-nio-8080-exec-3" daemon [_thread_blocked, id=13560, stack(0x00007fd2fabf6000,0x00007fd2facf7000)]
  0x00007fd2d4004800 JavaThread "http-nio-8080-exec-2" daemon [_thread_blocked, id=13554, stack(0x00007fd3402da000,0x00007fd3403db000)]
  0x00007fd2d4003000 JavaThread "http-nio-8080-exec-1" daemon [_thread_blocked, id=13547, stack(0x00007fd3403db000,0x00007fd3404dc000)]
  0x00007fd368013000 JavaThread "DestroyJavaVM" [_thread_blocked, id=13505, stack(0x00007fd36fc65000,0x00007fd36fd66000)]
  0x00007fd3691bc000 JavaThread "http-nio-8080-Acceptor-0" daemon [_thread_in_native, id=13545, stack(0x00007fd2faef7000,0x00007fd2faff8000)]
  0x00007fd3691b9000 JavaThread "http-nio-8080-ClientPoller-1" daemon [_thread_in_native, id=13544, stack(0x00007fd2faff8000,0x00007fd2fb0f9000)]
  0x00007fd3691ab800 JavaThread "http-nio-8080-ClientPoller-0" daemon [_thread_in_native, id=13543, stack(0x00007fd2fb0f9000,0x00007fd2fb1fa000)]
  0x00007fd369198000 JavaThread "NioBlockingSelector.BlockPoller-1" daemon [_thread_in_native, id=13542, stack(0x00007fd2fb1fa000,0x00007fd2fb2fb000)]
  0x00007fd368730800 JavaThread "container-0" [_thread_blocked, id=13539, stack(0x00007fd2fb4fb000,0x00007fd2fb5fc000)]
  0x00007fd300695000 JavaThread "ContainerBackgroundProcessor[StandardEngine[Tomcat].StandardHost[localhost].StandardContext[]]" daemon [_thread_blocked, id=13538, stack(0x00007fd2fb6fd000,0x00007fd2fb7fe000)]
  0x00007fd3005ec800 JavaThread "commons-pool-EvictionTimer" daemon [_thread_blocked, id=13537, stack(0x00007fd2fb5fc000,0x00007fd2fb6fd000)]
  0x00007fd3003b9000 JavaThread "MongoCleaner2074664070" daemon [_thread_blocked, id=13533, stack(0x00007fd2fbdfe000,0x00007fd2fbeff000)]
  0x00007fd3003b8000 JavaThread "cluster-1-127.0.0.1:27017" daemon [_thread_blocked, id=13532, stack(0x00007fd2fbeff000,0x00007fd2fc000000)]
  0x00007fd3686dd800 JavaThread "RMI TCP Accept-0" daemon [_thread_in_native, id=13527, stack(0x00007fd341429000,0x00007fd34152a000)]
  0x00007fd3686d7000 JavaThread "RMI TCP Accept-13803" daemon [_thread_in_native, id=13526, stack(0x00007fd34152a000,0x00007fd34162b000)]
  0x00007fd3686be800 JavaThread "RMI TCP Accept-0" daemon [_thread_in_native, id=13525, stack(0x00007fd34162b000,0x00007fd34172c000)]
  0x00007fd3680de000 JavaThread "Service Thread" daemon [_thread_blocked, id=13524, stack(0x00007fd3422e9000,0x00007fd3423ea000)]
  0x00007fd3680d8800 JavaThread "C1 CompilerThread2" daemon [_thread_blocked, id=13523, stack(0x00007fd3423ea000,0x00007fd3424eb000)]
  0x00007fd3680d7000 JavaThread "C2 CompilerThread1" daemon [_thread_blocked, id=13522, stack(0x00007fd3424eb000,0x00007fd3425ec000)]
  0x00007fd3680d4000 JavaThread "C2 CompilerThread0" daemon [_thread_blocked, id=13521, stack(0x00007fd3425ec000,0x00007fd3426ed000)]
  0x00007fd330001000 JavaThread "JDWP Command Reader" daemon [_thread_in_native, id=13517, stack(0x00007fd3426ed000,0x00007fd3427ee000)]
  0x00007fd3680d2000 JavaThread "JDWP Event Helper Thread" daemon [_thread_blocked, id=13516, stack(0x00007fd3427ee000,0x00007fd3428ef000)]
=>0x00007fd3680ce800 JavaThread "JDWP Transport Listener: dt_socket" daemon [_thread_in_vm, id=13515, stack(0x00007fd3428ef000,0x00007fd3429f0000)]
  0x00007fd3680bf000 JavaThread "Signal Dispatcher" daemon [_thread_blocked, id=13513, stack(0x00007fd342bf4000,0x00007fd342cf5000)]
  0x00007fd368088000 JavaThread "Finalizer" daemon [_thread_blocked, id=13512, stack(0x00007fd342cf5000,0x00007fd342df6000)]
  0x00007fd368086000 JavaThread "Reference Handler" daemon [_thread_blocked, id=13511, stack(0x00007fd342df6000,0x00007fd342ef7000)]

Other Threads:
  0x00007fd368081000 VMThread [stack: 0x00007fd342ef7000,0x00007fd342ff8000] [id=13510]
  0x00007fd3686e5800 WatcherThread [stack: 0x00007fd341328000,0x00007fd341429000] [id=13528]

VM state:not at safepoint (normal execution)

VM Mutex/Monitor currently owned by a thread: None

Heap:
 PSYoungGen      total 366080K, used 118420K [0x00000000d9900000, 0x00000000fc500000, 0x0000000100000000)
  eden space 350208K, 33% used [0x00000000d9900000,0x00000000e0ca5370,0x00000000eef00000)
  from space 15872K, 0% used [0x00000000eef00000,0x00000000eef00000,0x00000000efe80000)
  to   space 16384K, 0% used [0x00000000fb500000,0x00000000fb500000,0x00000000fc500000)
 ParOldGen       total 72192K, used 21744K [0x000000008ca00000, 0x0000000091080000, 0x00000000d9900000)
  object space 72192K, 30% used [0x000000008ca00000,0x000000008df3c3f8,0x0000000091080000)
 Metaspace       used 38913K, capacity 39438K, committed 39808K, reserved 1083392K
  class space    used 4836K, capacity 4946K, committed 4992K, reserved 1048576K

Card table byte_map: [0x00007fd358c64000,0x00007fd359000000] byte_map_base: 0x00007fd3587ff000

Marking Bits: (ParMarkBitMap*) 0x00007fd36f13d760
 Begin Bits: [0x00007fd350650000, 0x00007fd352328000)
 End Bits:   [0x00007fd352328000, 0x00007fd354000000)

Polling page: 0x00007fd36fd95000

CodeCache: size=245760Kb used=15258Kb max_used=15583Kb free=230501Kb
 bounds [0x00007fd359000000, 0x00007fd359f70000, 0x00007fd368000000]
 total_blobs=4319 nmethods=3887 adapters=353
 compilation: enabled

Compilation events (10 events):
Event: 412,820 Thread 0x00007fd3680d8800 4797       3       org.bson.BasicBSONCallback::objectDone (70 bytes)
Event: 412,822 Thread 0x00007fd3680d8800 nmethod 4797 0x00007fd359bcb7d0 code [0x00007fd359bcba00, 0x00007fd359bcc398]
Event: 412,822 Thread 0x00007fd3680d8800 4798       3       com.mongodb.DefaultDBCallback::create (18 bytes)
Event: 412,823 Thread 0x00007fd3680d8800 nmethod 4798 0x00007fd3592be590 code [0x00007fd3592be740, 0x00007fd3592bec08]
Event: 412,823 Thread 0x00007fd3680d8800 4799       3       com.mongodb.DefaultDBCallback::objectDone (89 bytes)
Event: 412,824 Thread 0x00007fd3680d8800 nmethod 4799 0x00007fd3592bce50 code [0x00007fd3592bd0c0, 0x00007fd3592bdf58]
Event: 427,826 Thread 0x00007fd3680d8800 4800       3       java.util.LinkedList::addLast (6 bytes)
Event: 427,826 Thread 0x00007fd3680d8800 nmethod 4800 0x00007fd359bcac50 code [0x00007fd359bcadc0, 0x00007fd359bcaf68]
Event: 432,827 Thread 0x00007fd3680d8800 4801       3       com.mongodb.ServerMonitor::listToSet (26 bytes)
Event: 432,828 Thread 0x00007fd3680d8800 nmethod 4801 0x00007fd35991ed10 code [0x00007fd35991eea0, 0x00007fd35991f258]

GC Heap History (10 events):
Event: 5,474 GC heap before
{Heap before GC invocations=9 (full 1):
 PSYoungGen      total 249856K, used 3666K [0x00000000d9900000, 0x00000000e9700000, 0x0000000100000000)
  eden space 239616K, 0% used [0x00000000d9900000,0x00000000d9900000,0x00000000e8300000)
  from space 10240K, 35% used [0x00000000e8d00000,0x00000000e9094b98,0x00000000e9700000)
  to   space 10240K, 0% used [0x00000000e8300000,0x00000000e8300000,0x00000000e8d00000)
 ParOldGen       total 79360K, used 7962K [0x000000008ca00000, 0x0000000091780000, 0x00000000d9900000)
  object space 79360K, 10% used [0x000000008ca00000,0x000000008d1c6a88,0x0000000091780000)
 Metaspace       used 20737K, capacity 20902K, committed 21296K, reserved 1069056K
  class space    used 2533K, capacity 2573K, committed 2688K, reserved 1048576K
Event: 5,545 GC heap after
Heap after GC invocations=9 (full 1):
 PSYoungGen      total 249856K, used 0K [0x00000000d9900000, 0x00000000e9700000, 0x0000000100000000)
  eden space 239616K, 0% used [0x00000000d9900000,0x00000000d9900000,0x00000000e8300000)
  from space 10240K, 0% used [0x00000000e8d00000,0x00000000e8d00000,0x00000000e9700000)
  to   space 10240K, 0% used [0x00000000e8300000,0x00000000e8300000,0x00000000e8d00000)
 ParOldGen       total 46080K, used 6905K [0x000000008ca00000, 0x000000008f700000, 0x00000000d9900000)
  object space 46080K, 14% used [0x000000008ca00000,0x000000008d0be418,0x000000008f700000)
 Metaspace       used 20737K, capacity 20902K, committed 21296K, reserved 1069056K
  class space    used 2533K, capacity 2573K, committed 2688K, reserved 1048576K
}
Event: 8,682 GC heap before
{Heap before GC invocations=10 (full 1):
 PSYoungGen      total 249856K, used 239616K [0x00000000d9900000, 0x00000000e9700000, 0x0000000100000000)
  eden space 239616K, 100% used [0x00000000d9900000,0x00000000e8300000,0x00000000e8300000)
  from space 10240K, 0% used [0x00000000e8d00000,0x00000000e8d00000,0x00000000e9700000)
  to   space 10240K, 0% used [0x00000000e8300000,0x00000000e8300000,0x00000000e8d00000)
 ParOldGen       total 46080K, used 6905K [0x000000008ca00000, 0x000000008f700000, 0x00000000d9900000)
  object space 46080K, 14% used [0x000000008ca00000,0x000000008d0be418,0x000000008f700000)
 Metaspace       used 30417K, capacity 30772K, committed 31232K, reserved 1077248K
  class space    used 3716K, capacity 3805K, committed 3840K, reserved 1048576K
Event: 8,729 GC heap after
Heap after GC invocations=10 (full 1):
 PSYoungGen      total 249856K, used 10222K [0x00000000d9900000, 0x00000000f0b00000, 0x0000000100000000)
  eden space 239616K, 0% used [0x00000000d9900000,0x00000000d9900000,0x00000000e8300000)
  from space 10240K, 99% used [0x00000000e8300000,0x00000000e8cfb8b0,0x00000000e8d00000)
  to   space 12288K, 0% used [0x00000000eff00000,0x00000000eff00000,0x00000000f0b00000)
 ParOldGen       total 46080K, used 9391K [0x000000008ca00000, 0x000000008f700000, 0x00000000d9900000)
  object space 46080K, 20% used [0x000000008ca00000,0x000000008d32bcb8,0x000000008f700000)
 Metaspace       used 30417K, capacity 30772K, committed 31232K, reserved 1077248K
  class space    used 3716K, capacity 3805K, committed 3840K, reserved 1048576K
}
Event: 11,347 GC heap before
{Heap before GC invocations=11 (full 1):
 PSYoungGen      total 249856K, used 249838K [0x00000000d9900000, 0x00000000f0b00000, 0x0000000100000000)
  eden space 239616K, 100% used [0x00000000d9900000,0x00000000e8300000,0x00000000e8300000)
  from space 10240K, 99% used [0x00000000e8300000,0x00000000e8cfb8b0,0x00000000e8d00000)
  to   space 12288K, 0% used [0x00000000eff00000,0x00000000eff00000,0x00000000f0b00000)
 ParOldGen       total 46080K, used 9391K [0x000000008ca00000, 0x000000008f700000, 0x00000000d9900000)
  object space 46080K, 20% used [0x000000008ca00000,0x000000008d32bcb8,0x000000008f700000)
 Metaspace       used 34626K, capacity 35028K, committed 35456K, reserved 1081344K
  class space    used 4297K, capacity 4397K, committed 4480K, reserved 1048576K
Event: 11,402 GC heap after
Heap after GC invocations=11 (full 1):
 PSYoungGen      total 362496K, used 12282K [0x00000000d9900000, 0x00000000f0e00000, 0x0000000100000000)
  eden space 350208K, 0% used [0x00000000d9900000,0x00000000d9900000,0x00000000eef00000)
  from space 12288K, 99% used [0x00000000eff00000,0x00000000f0afe990,0x00000000f0b00000)
  to   space 15872K, 0% used [0x00000000eef00000,0x00000000eef00000,0x00000000efe80000)
 ParOldGen       total 46080K, used 14037K [0x000000008ca00000, 0x000000008f700000, 0x00000000d9900000)
  object space 46080K, 30% used [0x000000008ca00000,0x000000008d7b5498,0x000000008f700000)
 Metaspace       used 34626K, capacity 35028K, committed 35456K, reserved 1081344K
  class space    used 4297K, capacity 4397K, committed 4480K, reserved 1048576K
}
Event: 11,529 GC heap before
{Heap before GC invocations=12 (full 1):
 PSYoungGen      total 362496K, used 26012K [0x00000000d9900000, 0x00000000f0e00000, 0x0000000100000000)
  eden space 350208K, 3% used [0x00000000d9900000,0x00000000da668a38,0x00000000eef00000)
  from space 12288K, 99% used [0x00000000eff00000,0x00000000f0afe990,0x00000000f0b00000)
  to   space 15872K, 0% used [0x00000000eef00000,0x00000000eef00000,0x00000000efe80000)
 ParOldGen       total 46080K, used 14037K [0x000000008ca00000, 0x000000008f700000, 0x00000000d9900000)
  object space 46080K, 30% used [0x000000008ca00000,0x000000008d7b5498,0x000000008f700000)
 Metaspace       used 34830K, capacity 35188K, committed 35456K, reserved 1081344K
  class space    used 4327K, capacity 4429K, committed 4480K, reserved 1048576K
Event: 11,574 GC heap after
Heap after GC invocations=12 (full 1):
 PSYoungGen      total 366080K, used 640K [0x00000000d9900000, 0x00000000fc500000, 0x0000000100000000)
  eden space 350208K, 0% used [0x00000000d9900000,0x00000000d9900000,0x00000000eef00000)
  from space 15872K, 4% used [0x00000000eef00000,0x00000000eefa0000,0x00000000efe80000)
  to   space 16384K, 0% used [0x00000000fb500000,0x00000000fb500000,0x00000000fc500000)
 ParOldGen       total 46080K, used 26319K [0x000000008ca00000, 0x000000008f700000, 0x00000000d9900000)
  object space 46080K, 57% used [0x000000008ca00000,0x000000008e3b3f90,0x000000008f700000)
 Metaspace       used 34830K, capacity 35188K, committed 35456K, reserved 1081344K
  class space    used 4327K, capacity 4429K, committed 4480K, reserved 1048576K
}
Event: 11,574 GC heap before
{Heap before GC invocations=13 (full 2):
 PSYoungGen      total 366080K, used 640K [0x00000000d9900000, 0x00000000fc500000, 0x0000000100000000)
  eden space 350208K, 0% used [0x00000000d9900000,0x00000000d9900000,0x00000000eef00000)
  from space 15872K, 4% used [0x00000000eef00000,0x00000000eefa0000,0x00000000efe80000)
  to   space 16384K, 0% used [0x00000000fb500000,0x00000000fb500000,0x00000000fc500000)
 ParOldGen       total 46080K, used 26319K [0x000000008ca00000, 0x000000008f700000, 0x00000000d9900000)
  object space 46080K, 57% used [0x000000008ca00000,0x000000008e3b3f90,0x000000008f700000)
 Metaspace       used 34830K, capacity 35188K, committed 35456K, reserved 1081344K
  class space    used 4327K, capacity 4429K, committed 4480K, reserved 1048576K
Event: 11,720 GC heap after
Heap after GC invocations=13 (full 2):
 PSYoungGen      total 366080K, used 0K [0x00000000d9900000, 0x00000000fc500000, 0x0000000100000000)
  eden space 350208K, 0% used [0x00000000d9900000,0x00000000d9900000,0x00000000eef00000)
  from space 15872K, 0% used [0x00000000eef00000,0x00000000eef00000,0x00000000efe80000)
  to   space 16384K, 0% used [0x00000000fb500000,0x00000000fb500000,0x00000000fc500000)
 ParOldGen       total 72192K, used 21744K [0x000000008ca00000, 0x0000000091080000, 0x00000000d9900000)
  object space 72192K, 30% used [0x000000008ca00000,0x000000008df3c3f8,0x0000000091080000)
 Metaspace       used 34830K, capacity 35188K, committed 35456K, reserved 1081344K
  class space    used 4327K, capacity 4429K, committed 4480K, reserved 1048576K
}

Deoptimization events (10 events):
Event: 87,265 Thread 0x00007fd2d4004800 Uncommon trap: reason=unhandled action=none pc=0x00007fd3597fc128 method=java.net.URLClassLoader.findClass(Ljava/lang/String;)Ljava/lang/Class; @ 44
Event: 87,267 Thread 0x00007fd2d4004800 Uncommon trap: reason=unhandled action=none pc=0x00007fd3597fc128 method=java.net.URLClassLoader.findClass(Ljava/lang/String;)Ljava/lang/Class; @ 44
Event: 87,268 Thread 0x00007fd2d4004800 Uncommon trap: reason=unhandled action=none pc=0x00007fd3597fc128 method=java.net.URLClassLoader.findClass(Ljava/lang/String;)Ljava/lang/Class; @ 44
Event: 87,268 Thread 0x00007fd2d4004800 Uncommon trap: reason=unhandled action=none pc=0x00007fd3597fc128 method=java.net.URLClassLoader.findClass(Ljava/lang/String;)Ljava/lang/Class; @ 44
Event: 87,271 Thread 0x00007fd2d4004800 Uncommon trap: reason=range_check action=none pc=0x00007fd35929c3a4 method=sun.reflect.generics.parser.SignatureParser.current()C @ 34
Event: 87,272 Thread 0x00007fd2d4004800 Uncommon trap: reason=class_check action=maybe_recompile pc=0x00007fd359ce1d48 method=java.util.Collections$UnmodifiableMap.containsKey(Ljava/lang/Object;)Z @ 5
Event: 87,274 Thread 0x00007fd2d4004800 Uncommon trap: reason=unhandled action=none pc=0x00007fd3597fc128 method=java.net.URLClassLoader.findClass(Ljava/lang/String;)Ljava/lang/Class; @ 44
Event: 87,277 Thread 0x00007fd2d4004800 Uncommon trap: reason=unhandled action=none pc=0x00007fd3597fc128 method=java.net.URLClassLoader.findClass(Ljava/lang/String;)Ljava/lang/Class; @ 44
Event: 87,295 Thread 0x00007fd2d4004800 Uncommon trap: reason=unhandled action=none pc=0x00007fd3597fc128 method=java.net.URLClassLoader.findClass(Ljava/lang/String;)Ljava/lang/Class; @ 44
Event: 87,296 Thread 0x00007fd2d4004800 Uncommon trap: reason=unhandled action=none pc=0x00007fd3597fc128 method=java.net.URLClassLoader.findClass(Ljava/lang/String;)Ljava/lang/Class; @ 44

Internal exceptions (10 events):
Event: 48,784 Thread 0x00007fd2d4003000 Exception <a 'java/lang/ClassNotFoundException': org/springframework/web/servlet/support/AbstractFlashMapManagerBeanInfo> (0x00000000df231158) thrown at [/RE-WORK/workspace/8-2-build-linux-amd64/jdk8u45/3457/hotspot/src/share/vm/classfile/systemDictionary
Event: 48,784 Thread 0x00007fd2d4003000 Exception <a 'java/lang/ClassNotFoundException': org/springframework/web/servlet/support/AbstractFlashMapManagerCustomizer> (0x00000000df255d60) thrown at [/RE-WORK/workspace/8-2-build-linux-amd64/jdk8u45/3457/hotspot/src/share/vm/classfile/systemDictiona
Event: 48,785 Thread 0x00007fd2d4003000 Exception <a 'java/lang/ClassNotFoundException': org/springframework/web/servlet/support/SessionFlashMapManagerCustomizer> (0x00000000df282628) thrown at [/RE-WORK/workspace/8-2-build-linux-amd64/jdk8u45/3457/hotspot/src/share/vm/classfile/systemDictionar
Event: 48,973 Thread 0x00007fd2d4003000 Exception <a 'java/lang/ArrayIndexOutOfBoundsException': 56> (0x00000000dfb007a8) thrown at [/RE-WORK/workspace/8-2-build-linux-amd64/jdk8u45/3457/hotspot/src/share/vm/interpreter/interpreterRuntime.cpp, line 366]
Event: 48,990 Thread 0x00007fd2d4003000 Exception <a 'java/lang/ArrayIndexOutOfBoundsException': 28> (0x00000000dfb63400) thrown at [/RE-WORK/workspace/8-2-build-linux-amd64/jdk8u45/3457/hotspot/src/share/vm/interpreter/interpreterRuntime.cpp, line 366]
Event: 48,990 Thread 0x00007fd2d4003000 Exception <a 'java/lang/ArrayIndexOutOfBoundsException': 40> (0x00000000dfb644c0) thrown at [/RE-WORK/workspace/8-2-build-linux-amd64/jdk8u45/3457/hotspot/src/share/vm/interpreter/interpreterRuntime.cpp, line 366]
Event: 48,990 Thread 0x00007fd2d4003000 Exception <a 'java/lang/ArrayIndexOutOfBoundsException': 59> (0x00000000dfb656b8) thrown at [/RE-WORK/workspace/8-2-build-linux-amd64/jdk8u45/3457/hotspot/src/share/vm/interpreter/interpreterRuntime.cpp, line 366]
Event: 87,272 Thread 0x00007fd2d4004800 Exception <a 'java/lang/ArrayIndexOutOfBoundsException': 28> (0x00000000e0027c38) thrown at [/RE-WORK/workspace/8-2-build-linux-amd64/jdk8u45/3457/hotspot/src/share/vm/interpreter/interpreterRuntime.cpp, line 366]
Event: 134,614 Thread 0x00007fd2d4005000 Exception <a 'java/lang/ArrayIndexOutOfBoundsException': 23> (0x00000000e043ac20) thrown at [/RE-WORK/workspace/8-2-build-linux-amd64/jdk8u45/3457/hotspot/src/share/vm/interpreter/interpreterRuntime.cpp, line 366]
Event: 179,905 Thread 0x00007fd2d4005000 Exception <a 'java/lang/reflect/InvocationTargetException'> (0x00000000e0454678) thrown at [/RE-WORK/workspace/8-2-build-linux-amd64/jdk8u45/3457/hotspot/src/share/vm/runtime/reflection.cpp, line 1080]

Events (10 events):
Event: 222,752 Thread 0x00007fd3680d8800 flushing nmethod 0x00007fd359dea310
Event: 222,753 Thread 0x00007fd3680d8800 flushing nmethod 0x00007fd359ec9010
Event: 229,505 Executing VM operation: GetOrSetLocal
Event: 229,505 Executing VM operation: GetOrSetLocal done
Event: 232,769 Executing VM operation: GetOrSetLocal
Event: 232,769 Executing VM operation: GetOrSetLocal done
Event: 234,038 Executing VM operation: GetOrSetLocal
Event: 234,039 Executing VM operation: GetOrSetLocal done
Event: 446,863 Executing VM operation: RedefineClasses
Event: 447,057 Executing VM operation: RedefineClasses done


Dynamic libraries:
00400000-00401000 r-xp 00000000 08:04 1185275                            /usr/lib/jvm/java-8-oracle/bin/java
00600000-00601000 rw-p 00000000 08:04 1185275                            /usr/lib/jvm/java-8-oracle/bin/java
01146000-01189000 rw-p 00000000 00:00 0                                  [heap]
8ca00000-91080000 rw-p 00000000 00:00 0 
91080000-d9900000 ---p 00000000 00:00 0 
d9900000-fc500000 rw-p 00000000 00:00 0 
fc500000-100000000 ---p 00000000 00:00 0 
100000000-1004e0000 rw-p 00000000 00:00 0 
1004e0000-140000000 ---p 00000000 00:00 0 
7fd2d4000000-7fd2d4021000 rw-p 00000000 00:00 0 
7fd2d4021000-7fd2d8000000 ---p 00000000 00:00 0 
7fd2d8000000-7fd2d8021000 rw-p 00000000 00:00 0 
7fd2d8021000-7fd2dc000000 ---p 00000000 00:00 0 
7fd2dc000000-7fd2dc021000 rw-p 00000000 00:00 0 
7fd2dc021000-7fd2e0000000 ---p 00000000 00:00 0 
7fd2e0000000-7fd2e0021000 rw-p 00000000 00:00 0 
7fd2e0021000-7fd2e4000000 ---p 00000000 00:00 0 
7fd2e4000000-7fd2e4021000 rw-p 00000000 00:00 0 
7fd2e4021000-7fd2e8000000 ---p 00000000 00:00 0 
7fd2e8000000-7fd2e8021000 rw-p 00000000 00:00 0 
7fd2e8021000-7fd2ec000000 ---p 00000000 00:00 0 
7fd2ec000000-7fd2ec289000 rw-p 00000000 00:00 0 
7fd2ec289000-7fd2f0000000 ---p 00000000 00:00 0 
7fd2f0000000-7fd2f0021000 rw-p 00000000 00:00 0 
7fd2f0021000-7fd2f4000000 ---p 00000000 00:00 0 
7fd2f4000000-7fd2f4033000 rw-p 00000000 00:00 0 
7fd2f4033000-7fd2f8000000 ---p 00000000 00:00 0 
7fd2fabf6000-7fd2fabf9000 ---p 00000000 00:00 0 
7fd2fabf9000-7fd2faef7000 rw-p 00000000 00:00 0                          [stack:13560]
7fd2faef7000-7fd2faefa000 ---p 00000000 00:00 0 
7fd2faefa000-7fd2faff8000 rw-p 00000000 00:00 0                          [stack:13545]
7fd2faff8000-7fd2faffb000 ---p 00000000 00:00 0 
7fd2faffb000-7fd2fb0f9000 rw-p 00000000 00:00 0                          [stack:13544]
7fd2fb0f9000-7fd2fb0fc000 ---p 00000000 00:00 0 
7fd2fb0fc000-7fd2fb1fa000 rw-p 00000000 00:00 0                          [stack:13543]
7fd2fb1fa000-7fd2fb1fd000 ---p 00000000 00:00 0 
7fd2fb1fd000-7fd2fb4fb000 rw-p 00000000 00:00 0                          [stack:13542]
7fd2fb4fb000-7fd2fb4fe000 ---p 00000000 00:00 0 
7fd2fb4fe000-7fd2fb5fc000 rw-p 00000000 00:00 0                          [stack:13539]
7fd2fb5fc000-7fd2fb5ff000 ---p 00000000 00:00 0 
7fd2fb5ff000-7fd2fb6fd000 rw-p 00000000 00:00 0                          [stack:13537]
7fd2fb6fd000-7fd2fb700000 ---p 00000000 00:00 0 
7fd2fb700000-7fd2fb9fe000 rw-p 00000000 00:00 0                          [stack:13538]
7fd2fb9fe000-7fd2fbbfe000 rw-p 00000000 00:00 0 
7fd2fbbfe000-7fd2fbdfe000 rw-p 00000000 00:00 0 
7fd2fbdfe000-7fd2fbe01000 ---p 00000000 00:00 0 
7fd2fbe01000-7fd2fbeff000 rw-p 00000000 00:00 0                          [stack:13533]
7fd2fbeff000-7fd2fbf02000 ---p 00000000 00:00 0 
7fd2fbf02000-7fd2fc000000 rw-p 00000000 00:00 0                          [stack:13532]
7fd2fc000000-7fd2fc144000 rw-p 00000000 00:00 0 
7fd2fc144000-7fd300000000 ---p 00000000 00:00 0 
7fd300000000-7fd30069e000 rw-p 00000000 00:00 0 
7fd30069e000-7fd304000000 ---p 00000000 00:00 0 
7fd304000000-7fd304021000 rw-p 00000000 00:00 0 
7fd304021000-7fd308000000 ---p 00000000 00:00 0 
7fd308000000-7fd308021000 rw-p 00000000 00:00 0 
7fd308021000-7fd30c000000 ---p 00000000 00:00 0 
7fd30c000000-7fd30c021000 rw-p 00000000 00:00 0 
7fd30c021000-7fd310000000 ---p 00000000 00:00 0 
7fd310000000-7fd310021000 rw-p 00000000 00:00 0 
7fd310021000-7fd314000000 ---p 00000000 00:00 0 
7fd314000000-7fd314b73000 rw-p 00000000 00:00 0 
7fd314b73000-7fd318000000 ---p 00000000 00:00 0 
7fd318000000-7fd318021000 rw-p 00000000 00:00 0 
7fd318021000-7fd31c000000 ---p 00000000 00:00 0 
7fd31c000000-7fd31d7be000 rw-p 00000000 00:00 0 
7fd31d7be000-7fd320000000 ---p 00000000 00:00 0 
7fd320000000-7fd3217a9000 rw-p 00000000 00:00 0 
7fd3217a9000-7fd324000000 ---p 00000000 00:00 0 
7fd324000000-7fd324021000 rw-p 00000000 00:00 0 
7fd324021000-7fd328000000 ---p 00000000 00:00 0 
7fd328000000-7fd328021000 rw-p 00000000 00:00 0 
7fd328021000-7fd32c000000 ---p 00000000 00:00 0 
7fd32c000000-7fd32c021000 rw-p 00000000 00:00 0 
7fd32c021000-7fd330000000 ---p 00000000 00:00 0 
7fd330000000-7fd3302b8000 rw-p 00000000 00:00 0 
7fd3302b8000-7fd334000000 ---p 00000000 00:00 0 
7fd334000000-7fd334021000 rw-p 00000000 00:00 0 
7fd334021000-7fd338000000 ---p 00000000 00:00 0 
7fd338000000-7fd338021000 rw-p 00000000 00:00 0 
7fd338021000-7fd33c000000 ---p 00000000 00:00 0 
7fd33c000000-7fd33c062000 rw-p 00000000 00:00 0 
7fd33c062000-7fd340000000 ---p 00000000 00:00 0 
7fd3400d0000-7fd3400d5000 r--s 002f8000 08:04 6825949                    /usr/lib/jvm/java-8-oracle/jre/lib/charsets.jar
7fd3400da000-7fd3402da000 rw-p 00000000 00:00 0 
7fd3402da000-7fd3402dd000 ---p 00000000 00:00 0 
7fd3402dd000-7fd3403db000 rw-p 00000000 00:00 0                          [stack:13554]
7fd3403db000-7fd3403de000 ---p 00000000 00:00 0 
7fd3403de000-7fd3406dc000 rw-p 00000000 00:00 0                          [stack:13547]
7fd3406dc000-7fd3408dc000 rw-p 00000000 00:00 0 
7fd3408dc000-7fd3408ef000 r--s 00344000 08:04 6825969                    /usr/lib/jvm/java-8-oracle/jre/lib/resources.jar
7fd3408f3000-7fd340af3000 rw-p 00000000 00:00 0 
7fd340af3000-7fd340cf3000 rw-p 00000000 00:00 0 
7fd340cf3000-7fd340ef3000 rw-p 00000000 00:00 0 
7fd340ef3000-7fd3410f3000 rw-p 00000000 00:00 0 
7fd3410f3000-7fd3412f3000 rw-p 00000000 00:00 0 
7fd3412f3000-7fd34130f000 r--s 00393000 08:04 6950165                    /usr/lib/jvm/java-8-oracle/jre/lib/ext/cldrdata.jar
7fd341316000-7fd341321000 r--s 00116000 08:04 6950028                    /usr/lib/jvm/java-8-oracle/jre/lib/ext/localedata.jar
7fd341328000-7fd341329000 ---p 00000000 00:00 0 
7fd341329000-7fd341429000 rw-p 00000000 00:00 0                          [stack:13528]
7fd341429000-7fd34142c000 ---p 00000000 00:00 0 
7fd34142c000-7fd34152a000 rw-p 00000000 00:00 0                          [stack:13527]
7fd34152a000-7fd34152d000 ---p 00000000 00:00 0 
7fd34152d000-7fd34162b000 rw-p 00000000 00:00 0                          [stack:13526]
7fd34162b000-7fd34162e000 ---p 00000000 00:00 0 
7fd34162e000-7fd34172c000 rw-p 00000000 00:00 0                          [stack:13525]
7fd34172c000-7fd341731000 r--s 00094000 08:04 6825958                    /usr/lib/jvm/java-8-oracle/jre/lib/jsse.jar
7fd341737000-7fd34173c000 r--s 00027000 00:22 1579354                    /home/victor/.m2/repository/org/springframework/spring-context-support/4.1.6.RELEASE/spring-context-support-4.1.6.RELEASE.jar
7fd341740000-7fd341741000 r--s 00000000 00:22 1579351                    /home/victor/.m2/repository/org/springframework/boot/spring-boot-starter-redis/1.2.3.RELEASE/spring-boot-starter-redis-1.2.3.RELEASE.jar
7fd341747000-7fd34174d000 r--s 00047000 00:22 1322271                    /home/victor/.m2/repository/redis/clients/jedis/2.5.2/jedis-2.5.2.jar
7fd341752000-7fd341760000 r--s 00092000 00:22 14558074                   /home/victor/.m2/repository/org/springframework/data/spring-data-redis/1.4.2.RELEASE/spring-data-redis-1.4.2.RELEASE.jar
7fd341760000-7fd341763000 r--s 00018000 00:22 1579332                    /home/victor/.m2/repository/org/apache/commons/commons-pool2/2.2/commons-pool2-2.2.jar
7fd341766000-7fd341769000 r--s 0000e000 00:22 14426848                   /home/victor/.m2/repository/org/springframework/session/spring-session/1.0.1.RELEASE/spring-session-1.0.1.RELEASE.jar
7fd341770000-7fd34177f000 r--s 000b0000 00:22 14295107                   /home/victor/.m2/repository/org/springframework/spring-webmvc/4.1.6.RELEASE/spring-webmvc-4.1.6.RELEASE.jar
7fd341780000-7fd341781000 r--s 00000000 00:22 1192029                    /home/victor/.m2/repository/org/springframework/boot/spring-boot-starter-web/1.2.3.RELEASE/spring-boot-starter-web-1.2.3.RELEASE.jar
7fd341785000-7fd341790000 r--s 00065000 00:22 12329039                   /home/victor/.m2/repository/ch/qos/logback/logback-core/1.1.3/logback-core-1.1.3.jar
7fd341797000-7fd34179d000 r--s 0003f000 00:22 12328564                   /home/victor/.m2/repository/ch/qos/logback/logback-classic/1.1.3/logback-classic-1.1.3.jar
7fd34179d000-7fd34179e000 r--s 00005000 00:22 1578393                    /home/victor/.m2/repository/org/slf4j/log4j-over-slf4j/1.7.11/log4j-over-slf4j-1.7.11.jar
7fd3417a0000-7fd3417a2000 r--s 00000000 00:22 1576400                    /home/victor/.m2/repository/org/slf4j/jul-to-slf4j/1.7.11/jul-to-slf4j-1.7.11.jar
7fd3417a3000-7fd3417a5000 r--s 00003000 00:22 14949145                   /home/victor/.m2/repository/org/slf4j/jcl-over-slf4j/1.7.11/jcl-over-slf4j-1.7.11.jar
7fd3417a8000-7fd3417a9000 r--s 00000000 00:22 1574557                    /home/victor/.m2/repository/org/springframework/boot/spring-boot-starter-logging/1.2.3.RELEASE/spring-boot-starter-logging-1.2.3.RELEASE.jar
7fd3417ad000-7fd3417b4000 r--s 0003d000 00:22 12718035                   /home/victor/.m2/repository/org/yaml/snakeyaml/1.14/snakeyaml-1.14.jar
7fd3417b6000-7fd3417c0000 r--s 0005e000 00:22 1322256                    /home/victor/.m2/repository/org/springframework/boot/spring-boot/1.2.3.RELEASE/spring-boot-1.2.3.RELEASE.jar
7fd3417c3000-7fd3417d3000 r--s 0006b000 00:22 1445273                    /home/victor/.m2/repository/org/springframework/boot/spring-boot-autoconfigure/1.2.3.RELEASE/spring-boot-autoconfigure-1.2.3.RELEASE.jar
7fd3417d7000-7fd3417d8000 r--s 00007000 00:22 5512974                    /home/victor/.m2/repository/com/fasterxml/jackson/module/jackson-module-jaxb-annotations/2.3.2/jackson-module-jaxb-annotations-2.3.2.jar
7fd3417db000-7fd3417dd000 r--s 00003000 00:22 5512971                    /home/victor/.m2/repository/com/fasterxml/jackson/jaxrs/jackson-jaxrs-json-provider/2.3.2/jackson-jaxrs-json-provider-2.3.2.jar
7fd3417de000-7fd3417df000 r--s 00006000 00:22 3936603                    /home/victor/.m2/repository/com/fasterxml/jackson/jaxrs/jackson-jaxrs-base/2.3.2/jackson-jaxrs-base-2.3.2.jar
7fd3417e1000-7fd3417e2000 r--s 00001000 00:22 14949656                   /home/victor/.m2/repository/org/glassfish/jersey/media/jersey-media-json-jackson/2.14/jersey-media-json-jackson-2.14.jar
7fd3417e2000-7fd3417e4000 r--s 00002000 00:22 14949644                   /home/victor/.m2/repository/org/glassfish/hk2/spring-bridge/2.4.0-b06/spring-bridge-2.4.0-b06.jar
7fd3417eb000-7fd3417f2000 r--s 0005b000 00:22 14949641                   /home/victor/.m2/repository/org/glassfish/hk2/external/asm-all-repackaged/2.4.0-b06/asm-all-repackaged-2.4.0-b06.jar
7fd3417f3000-7fd3417f6000 r--s 00013000 00:22 14818116                   /home/victor/.m2/repository/org/glassfish/hk2/class-model/2.4.0-b06/class-model-2.4.0-b06.jar
7fd3417fc000-7fd3417fe000 r--s 0000c000 00:22 14818113                   /home/victor/.m2/repository/org/glassfish/hk2/hk2-runlevel/2.4.0-b06/hk2-runlevel-2.4.0-b06.jar
7fd341804000-7fd341817000 r--s 000b4000 00:22 14818110                   /home/victor/.m2/repository/org/glassfish/hk2/external/bean-validator/2.4.0-b06/bean-validator-2.4.0-b06.jar
7fd34181b000-7fd34181d000 r--s 00003000 00:22 12718593                   /home/victor/.m2/repository/org/jvnet/tiger-types/1.4/tiger-types-1.4.jar
7fd34181e000-7fd341822000 r--s 0002e000 00:22 14818107                   /home/victor/.m2/repository/org/glassfish/hk2/hk2-config/2.4.0-b06/hk2-config-2.4.0-b06.jar
7fd341822000-7fd341825000 r--s 0001a000 00:22 14818104                   /home/victor/.m2/repository/org/glassfish/hk2/core/2.4.0-b06/core-2.4.0-b06.jar
7fd341829000-7fd34182a000 r--s 00001000 00:22 14818101                   /home/victor/.m2/repository/org/glassfish/hk2/config-types/2.4.0-b06/config-types-2.4.0-b06.jar
7fd341830000-7fd341831000 r--s 00000000 00:22 14818098                   /home/victor/.m2/repository/org/glassfish/hk2/hk2/2.4.0-b06/hk2-2.4.0-b06.jar
7fd341834000-7fd341836000 r--s 00004000 00:22 14818095                   /home/victor/.m2/repository/org/glassfish/jersey/ext/jersey-spring3/2.14/jersey-spring3-2.14.jar
7fd341838000-7fd34183a000 r--s 00008000 00:22 14688461                   /home/victor/.m2/repository/org/glassfish/jersey/ext/jersey-bean-validation/2.14/jersey-bean-validation-2.14.jar
7fd34183b000-7fd34183c000 r--s 00003000 00:22 14688458                   /home/victor/.m2/repository/org/glassfish/jersey/containers/jersey-container-servlet/2.14/jersey-container-servlet-2.14.jar
7fd34183c000-7fd34183e000 r--s 0000c000 00:22 14688455                   /home/victor/.m2/repository/org/glassfish/jersey/containers/jersey-container-servlet-core/2.14/jersey-container-servlet-core-2.14.jar
7fd341845000-7fd34184f000 r--s 000a5000 00:22 1450406                    /home/victor/.m2/repository/org/javassist/javassist/3.18.1-GA/javassist-3.18.1-GA.jar
7fd34184f000-7fd341852000 r--s 00027000 00:22 14557595                   /home/victor/.m2/repository/org/glassfish/hk2/hk2-locator/2.4.0-b06/hk2-locator-2.4.0-b06.jar
7fd341859000-7fd34185a000 r--s 00001000 00:22 14557592                   /home/victor/.m2/repository/org/glassfish/hk2/external/javax.inject/2.4.0-b06/javax.inject-2.4.0-b06.jar
7fd34185a000-7fd34185c000 r--s 00002000 00:22 14557589                   /home/victor/.m2/repository/org/glassfish/hk2/external/aopalliance-repackaged/2.4.0-b06/aopalliance-repackaged-2.4.0-b06.jar
7fd341863000-7fd341866000 r--s 00013000 00:22 14557586                   /home/victor/.m2/repository/org/glassfish/hk2/hk2-utils/2.4.0-b06/hk2-utils-2.4.0-b06.jar
7fd341866000-7fd34186b000 r--s 00026000 00:22 14294802                   /home/victor/.m2/repository/org/glassfish/hk2/hk2-api/2.4.0-b06/hk2-api-2.4.0-b06.jar
7fd34186d000-7fd34186f000 r--s 00005000 00:22 14949638                   /home/victor/.m2/repository/javax/annotation/javax.annotation-api/1.2/javax.annotation-api-1.2.jar
7fd341871000-7fd341875000 r--s 00019000 00:22 14294799                   /home/victor/.m2/repository/javax/ws/rs/javax.ws.rs-api/2.0.1/javax.ws.rs-api-2.0.1.jar
7fd34187a000-7fd34187e000 r--s 00022000 00:22 14557583                   /home/victor/.m2/repository/org/glassfish/jersey/core/jersey-client/2.14/jersey-client-2.14.jar
7fd341884000-7fd341885000 r--s 00004000 00:22 14557580                   /home/victor/.m2/repository/org/glassfish/hk2/osgi-resource-locator/1.0.1/osgi-resource-locator-1.0.1.jar
7fd34188c000-7fd3418a3000 r--s 000d4000 00:22 14294796                   /home/victor/.m2/repository/org/glassfish/jersey/bundles/repackaged/jersey-guava/2.14/jersey-guava-2.14.jar
7fd3418a3000-7fd3418b1000 r--s 000a3000 00:22 14294793                   /home/victor/.m2/repository/org/glassfish/jersey/core/jersey-common/2.14/jersey-common-2.14.jar
7fd3418b5000-7fd3418ca000 r--s 000cd000 00:22 14294790                   /home/victor/.m2/repository/org/glassfish/jersey/core/jersey-server/2.14/jersey-server-2.14.jar
7fd3418cd000-7fd3418cf000 r--s 0000d000 00:22 3545988                    /home/victor/.m2/repository/com/fasterxml/classmate/1.0.0/classmate-1.0.0.jar
7fd3418d4000-7fd3418d6000 r--s 0000c000 00:22 12718038                   /home/victor/.m2/repository/org/jboss/logging/jboss-logging/3.1.3.GA/jboss-logging-3.1.3.GA.jar
7fd3418dc000-7fd3418e0000 r--s 0000c000 00:22 3545985                    /home/victor/.m2/repository/javax/validation/validation-api/1.1.0.Final/validation-api-1.1.0.Final.jar
7fd3418e5000-7fd3418f3000 r--s 0008d000 00:22 3545982                    /home/victor/.m2/repository/org/hibernate/hibernate-validator/5.1.3.Final/hibernate-validator-5.1.3.Final.jar
7fd3418f6000-7fd3418fc000 r--s 00036000 00:22 2367215                    /home/victor/.m2/repository/org/apache/tomcat/embed/tomcat-embed-websocket/8.0.20/tomcat-embed-websocket-8.0.20.jar
7fd341901000-7fd341903000 r--s 00009000 00:22 2367212                    /home/victor/.m2/repository/org/apache/tomcat/embed/tomcat-embed-logging-juli/8.0.20/tomcat-embed-logging-juli-8.0.20.jar
7fd341906000-7fd34190a000 r--s 00036000 00:22 2367209                    /home/victor/.m2/repository/org/apache/tomcat/embed/tomcat-embed-el/8.0.20/tomcat-embed-el-8.0.20.jar
7fd341910000-7fd341935000 r--s 00290000 00:22 1709412                    /home/victor/.m2/repository/org/apache/tomcat/embed/tomcat-embed-core/8.0.20/tomcat-embed-core-8.0.20.jar
7fd341938000-7fd341939000 r--s 00000000 00:22 1707087                    /home/victor/.m2/repository/org/springframework/boot/spring-boot-starter-tomcat/1.2.3.RELEASE/spring-boot-starter-tomcat-1.2.3.RELEASE.jar
7fd341940000-7fd341941000 r--s 00000000 00:22 15866627                   /home/victor/.m2/repository/org/springframework/boot/spring-boot-starter-jersey/1.2.3.RELEASE/spring-boot-starter-jersey-1.2.3.RELEASE.jar
7fd341943000-7fd341944000 r--s 00003000 00:22 16128051                   /home/victor/.m2/repository/net/sf/opencsv/opencsv/2.0/opencsv-2.0.jar
7fd341949000-7fd34194e000 r--s 00029000 00:22 15998526                   /home/victor/.m2/repository/org/parboiled/parboiled-core/1.1.6/parboiled-core-1.1.6.jar
7fd34194e000-7fd341953000 r--s 00036000 00:22 15866617                   /home/victor/.m2/repository/org/parboiled/parboiled-scala_2.10/1.1.6/parboiled-scala_2.10-1.1.6.jar
7fd341958000-7fd3419c8000 r--s 004b8000 00:22 15866614                   /home/victor/.m2/repository/org/neo4j/neo4j-cypher-compiler-2.0/2.0.3/neo4j-cypher-compiler-2.0-2.0.3.jar
7fd3419ca000-7fd341a3c000 r--s 0065a000 00:22 15734026                   /home/victor/.m2/repository/org/scala-lang/scala-library/2.10.3/scala-library-2.10.3.jar
7fd341a3c000-7fd341a40000 r--s 00024000 00:22 15734023                   /home/victor/.m2/repository/org/neo4j/neo4j-graph-algo/2.0.3/neo4j-graph-algo-2.0.3.jar
7fd341a44000-7fd341a46000 r--s 0000c000 00:22 15733975                   /home/victor/.m2/repository/org/neo4j/neo4j-graph-matching/2.0.3/neo4j-graph-matching-2.0.3.jar
7fd341a47000-7fd341a60000 r--s 0015f000 00:22 1579728                    /home/victor/.m2/repository/org/apache/lucene/lucene-core/3.6.2/lucene-core-3.6.2.jar
7fd341a60000-7fd341a66000 r--s 00038000 00:22 15733972                   /home/victor/.m2/repository/org/neo4j/neo4j-lucene-index/2.0.3/neo4j-lucene-index-2.0.3.jar
7fd341a6b000-7fd341a6c000 r--s 00003000 00:22 15602884                   /home/victor/.m2/repository/org/apache/geronimo/specs/geronimo-jta_1.1_spec/1.1.1/geronimo-jta_1.1_spec-1.1.1.jar
7fd341a71000-7fd341a9f000 r--s 001e1000 00:22 15602881                   /home/victor/.m2/repository/org/neo4j/neo4j-kernel/2.0.3/neo4j-kernel-2.0.3.jar
7fd341aa1000-7fd341ae6000 r--s 002a1000 00:22 13243527                   /home/victor/.m2/repository/org/neo4j/neo4j-cypher-compiler-1.9/2.0.3/neo4j-cypher-compiler-1.9-2.0.3.jar
7fd341ae9000-7fd341afc000 r--s 00131000 00:22 12718294                   /home/victor/.m2/repository/org/projectlombok/lombok/1.16.2/lombok-1.16.2.jar
7fd341b02000-7fd341b0a000 r--s 0003a000 00:22 16259134                   /home/victor/.m2/repository/org/springframework/boot/spring-boot-actuator/1.2.3.RELEASE/spring-boot-actuator-1.2.3.RELEASE.jar
7fd341b10000-7fd341b11000 r--s 00000000 00:22 15994283                   /home/victor/.m2/repository/org/springframework/boot/spring-boot-starter-actuator/1.2.3.RELEASE/spring-boot-starter-actuator-1.2.3.RELEASE.jar
7fd341b17000-7fd341b20000 r--s 0004f000 00:22 14949137                   /home/victor/.m2/repository/org/springframework/spring-aop/4.1.6.RELEASE/spring-aop-4.1.6.RELEASE.jar
7fd341b23000-7fd341b2d000 r--s 0004b000 00:22 1709870                    /home/victor/.m2/repository/org/springframework/security/spring-security-web/3.2.7.RELEASE/spring-security-web-3.2.7.RELEASE.jar
7fd341b2f000-7fd341b3a000 r--s 0004f000 00:22 1709867                    /home/victor/.m2/repository/org/springframework/security/spring-security-core/3.2.7.RELEASE/spring-security-core-3.2.7.RELEASE.jar
7fd341b40000-7fd341b42000 r--s 00000000 00:22 14288558                   /home/victor/.m2/repository/aopalliance/aopalliance/1.0/aopalliance-1.0.jar
7fd341b45000-7fd341b4c000 r--s 0005d000 00:22 1709864                    /home/victor/.m2/repository/org/springframework/security/spring-security-config/3.2.7.RELEASE/spring-security-config-3.2.7.RELEASE.jar
7fd341b50000-7fd341b60000 r--s 000a0000 00:22 1450467                    /home/victor/.m2/repository/org/springframework/spring-web/4.1.6.RELEASE/spring-web-4.1.6.RELEASE.jar
7fd341b63000-7fd341b68000 r--s 0003b000 00:22 14949141                   /home/victor/.m2/repository/org/springframework/spring-expression/4.1.6.RELEASE/spring-expression-4.1.6.RELEASE.jar
7fd341b6b000-7fd341b83000 r--s 000e3000 00:22 14949135                   /home/victor/.m2/repository/org/springframework/spring-context/4.1.6.RELEASE/spring-context-4.1.6.RELEASE.jar
7fd341b88000-7fd341b95000 r--s 000a0000 00:22 14949139                   /home/victor/.m2/repository/org/springframework/spring-beans/4.1.6.RELEASE/spring-beans-4.1.6.RELEASE.jar
7fd341b98000-7fd341b99000 r--s 00000000 00:22 1450464                    /home/victor/.m2/repository/org/springframework/boot/spring-boot-starter-security/1.2.3.RELEASE/spring-boot-starter-security-1.2.3.RELEASE.jar
7fd341b9f000-7fd341bab000 r--s 0006f000 00:22 14817389                   /home/victor/.m2/repository/org/springframework/spring-test/4.1.6.RELEASE/spring-test-4.1.6.RELEASE.jar
7fd341bac000-7fd341bad000 r--s 0000c000 00:22 14288702                   /home/victor/.m2/repository/org/hamcrest/hamcrest-library/1.3/hamcrest-library-1.3.jar
7fd341bb1000-7fd341bb3000 r--s 00009000 00:22 14288705                   /home/victor/.m2/repository/org/hamcrest/hamcrest-core/1.3/hamcrest-core-1.3.jar
7fd341bb9000-7fd341bbb000 r--s 00009000 00:22 14556632                   /home/victor/.m2/repository/org/objenesis/objenesis/2.1/objenesis-2.1.jar
7fd341bbb000-7fd341bd7000 r--s 00103000 00:22 15210608                   /home/victor/.m2/repository/org/mockito/mockito-core/1.10.19/mockito-core-1.10.19.jar
7fd341bdd000-7fd341be5000 r--s 00045000 00:22 12849826                   /home/victor/.m2/repository/junit/junit/4.12/junit-4.12.jar
7fd341be8000-7fd341be9000 r--s 00000000 00:22 3803894                    /home/victor/.m2/repository/org/springframework/boot/spring-boot-starter-test/1.2.3.RELEASE/spring-boot-starter-test-1.2.3.RELEASE.jar
7fd341bee000-7fd341bf0000 r--s 00006000 00:22 16389926                   /home/victor/.m2/repository/com/google/code/findbugs/jsr305/2.0.1/jsr305-2.0.1.jar
7fd341bf5000-7fd341c20000 r--s 001f5000 00:22 14948628                   /home/victor/.m2/repository/com/google/guava/guava/16.0.1/guava-16.0.1.jar
7fd341c22000-7fd341c23000 r--s 00002000 00:22 3803821                    /home/victor/.m2/repository/com/github/fge/btf/1.2/btf-1.2.jar
7fd341c28000-7fd341c2a000 r--s 00008000 00:22 3674260                    /home/victor/.m2/repository/com/github/fge/msg-simple/1.1/msg-simple-1.1.jar
7fd341c2e000-7fd341c30000 r--s 00006000 00:22 3674257                    /home/victor/.m2/repository/com/github/fge/jackson-coreutils/1.6/jackson-coreutils-1.6.jar
7fd341c31000-7fd341c33000 r--s 00009000 00:22 3674254                    /home/victor/.m2/repository/com/github/fge/json-patch/1.7/json-patch-1.7.jar
7fd341c3a000-7fd341c3c000 r--s 00002000 00:22 12718054                   /home/victor/.m2/repository/org/atteo/evo-inflector/1.2/evo-inflector-1.2.jar
7fd341c3c000-7fd341c3d000 r--s 00004000 00:22 1052214                    /home/victor/.m2/repository/org/springframework/plugin/spring-plugin-core/1.1.0.RELEASE/spring-plugin-core-1.1.0.RELEASE.jar
7fd341c42000-7fd341c47000 r--s 00022000 00:22 16258491                   /home/victor/.m2/repository/org/springframework/hateoas/spring-hateoas/0.16.0.RELEASE/spring-hateoas-0.16.0.RELEASE.jar
7fd341c47000-7fd341c4b000 r--s 00017000 00:22 527721                     /home/victor/.m2/repository/org/springframework/data/spring-data-rest-core/2.2.2.RELEASE/spring-data-rest-core-2.2.2.RELEASE.jar
7fd341c50000-7fd341c54000 r--s 00028000 00:22 16521167                   /home/victor/.m2/repository/org/springframework/data/spring-data-rest-webmvc/2.2.2.RELEASE/spring-data-rest-webmvc-2.2.2.RELEASE.jar
7fd341c54000-7fd341c58000 r--s 00034000 00:22 3545979                    /home/victor/.m2/repository/com/fasterxml/jackson/core/jackson-core/2.4.5/jackson-core-2.4.5.jar
7fd341c5e000-7fd341c6f000 r--s 000f6000 00:22 2496104                    /home/victor/.m2/repository/com/fasterxml/jackson/core/jackson-databind/2.4.5/jackson-databind-2.4.5.jar
7fd341c6f000-7fd341c72000 r--s 00007000 00:22 2634546                    /home/victor/.m2/repository/com/fasterxml/jackson/core/jackson-annotations/2.4.5/jackson-annotations-2.4.5.jar
7fd341c78000-7fd341c79000 r--s 00000000 00:22 2496186                    /home/victor/.m2/repository/org/springframework/boot/spring-boot-starter-data-rest/1.2.3.RELEASE/spring-boot-starter-data-rest-1.2.3.RELEASE.jar
7fd341c80000-7fd341c91000 r-xp 00000000 08:04 6951946                    /usr/lib/jvm/java-8-oracle/jre/lib/amd64/libnio.so
7fd341c91000-7fd341e90000 ---p 00011000 08:04 6951946                    /usr/lib/jvm/java-8-oracle/jre/lib/amd64/libnio.so
7fd341e90000-7fd341e91000 rw-p 00010000 08:04 6951946                    /usr/lib/jvm/java-8-oracle/jre/lib/amd64/libnio.so
7fd341e97000-7fd341ec8000 rw-p 00000000 00:00 0 
7fd341ec8000-7fd341ede000 r-xp 00000000 08:04 6952534                    /usr/lib/jvm/java-8-oracle/jre/lib/amd64/libnet.so
7fd341ede000-7fd3420de000 ---p 00016000 08:04 6952534                    /usr/lib/jvm/java-8-oracle/jre/lib/amd64/libnet.so
7fd3420de000-7fd3420df000 rw-p 00016000 08:04 6952534                    /usr/lib/jvm/java-8-oracle/jre/lib/amd64/libnet.so
7fd3420e0000-7fd3420e8000 r-xp 00000000 08:04 6952522                    /usr/lib/jvm/java-8-oracle/jre/lib/amd64/libmanagement.so
7fd3420e8000-7fd3422e8000 ---p 00008000 08:04 6952522                    /usr/lib/jvm/java-8-oracle/jre/lib/amd64/libmanagement.so
7fd3422e8000-7fd3422e9000 rw-p 00008000 08:04 6952522                    /usr/lib/jvm/java-8-oracle/jre/lib/amd64/libmanagement.so
7fd3422e9000-7fd3422ec000 ---p 00000000 00:00 0 
7fd3422ec000-7fd3423ea000 rw-p 00000000 00:00 0                          [stack:13524]
7fd3423ea000-7fd3423ed000 ---p 00000000 00:00 0 
7fd3423ed000-7fd3424eb000 rw-p 00000000 00:00 0                          [stack:13523]
7fd3424eb000-7fd3424ee000 ---p 00000000 00:00 0 
7fd3424ee000-7fd3425ec000 rw-p 00000000 00:00 0                          [stack:13522]
7fd3425ec000-7fd3425ef000 ---p 00000000 00:00 0 
7fd3425ef000-7fd3426ed000 rw-p 00000000 00:00 0                          [stack:13521]
7fd3426ed000-7fd3426f0000 ---p 00000000 00:00 0 
7fd3426f0000-7fd3427ee000 rw-p 00000000 00:00 0                          [stack:13517]
7fd3427ee000-7fd3427f1000 ---p 00000000 00:00 0 
7fd3427f1000-7fd3428ef000 rw-p 00000000 00:00 0                          [stack:13516]
7fd3428ef000-7fd3428f2000 ---p 00000000 00:00 0 
7fd3428f2000-7fd3429f0000 rw-p 00000000 00:00 0                          [stack:13515]
7fd3429f0000-7fd3429f4000 r-xp 00000000 08:04 6952551                    /usr/lib/jvm/java-8-oracle/jre/lib/amd64/libdt_socket.so
7fd3429f4000-7fd342bf3000 ---p 00004000 08:04 6952551                    /usr/lib/jvm/java-8-oracle/jre/lib/amd64/libdt_socket.so
7fd342bf3000-7fd342bf4000 rw-p 00003000 08:04 6952551                    /usr/lib/jvm/java-8-oracle/jre/lib/amd64/libdt_socket.so
7fd342bf4000-7fd342bf7000 ---p 00000000 00:00 0 
7fd342bf7000-7fd342cf5000 rw-p 00000000 00:00 0                          [stack:13513]
7fd342cf5000-7fd342cf8000 ---p 00000000 00:00 0 
7fd342cf8000-7fd342df6000 rw-p 00000000 00:00 0                          [stack:13512]
7fd342df6000-7fd342df9000 ---p 00000000 00:00 0 
7fd342df9000-7fd342ef7000 rw-p 00000000 00:00 0                          [stack:13511]
7fd342ef7000-7fd342ef8000 ---p 00000000 00:00 0 
7fd342ef8000-7fd344000000 rw-p 00000000 00:00 0                          [stack:13510]
7fd344000000-7fd344021000 rw-p 00000000 00:00 0 
7fd344021000-7fd348000000 ---p 00000000 00:00 0 
7fd348000000-7fd348021000 rw-p 00000000 00:00 0 
7fd348021000-7fd34c000000 ---p 00000000 00:00 0 
7fd34c000000-7fd34c021000 rw-p 00000000 00:00 0 
7fd34c021000-7fd350000000 ---p 00000000 00:00 0 
7fd350006000-7fd350013000 r--s 0006e000 00:22 16258450                   /home/victor/.m2/repository/org/springframework/data/spring-data-commons/1.9.2.RELEASE/spring-data-commons-1.9.2.RELEASE.jar
7fd350019000-7fd350026000 r--s 00079000 00:22 14817069                   /home/victor/.m2/repository/org/springframework/data/spring-data-mongodb/1.6.2.RELEASE/spring-data-mongodb-1.6.2.RELEASE.jar
7fd350029000-7fd354000000 rw-p 00000000 00:00 0 
7fd354000000-7fd354021000 rw-p 00000000 00:00 0 
7fd354021000-7fd358000000 ---p 00000000 00:00 0 
7fd358002000-7fd358017000 r--s 000e2000 00:22 14817387                   /home/victor/.m2/repository/org/springframework/spring-core/4.1.6.RELEASE/spring-core-4.1.6.RELEASE.jar
7fd35801d000-7fd358181000 rw-p 00000000 00:00 0 
7fd358181000-7fd35835a000 r--s 03d09000 08:04 6825951                    /usr/lib/jvm/java-8-oracle/jre/lib/rt.jar
7fd35835e000-7fd3586f9000 rw-p 00000000 00:00 0 
7fd3586f9000-7fd3586fa000 ---p 00000000 00:00 0 
7fd3586fa000-7fd3587fa000 rw-p 00000000 00:00 0                          [stack:13509]
7fd3587fa000-7fd3587fb000 ---p 00000000 00:00 0 
7fd3587fb000-7fd3588fb000 rw-p 00000000 00:00 0                          [stack:13508]
7fd3588fb000-7fd3588fc000 ---p 00000000 00:00 0 
7fd3588fc000-7fd358a20000 rw-p 00000000 00:00 0                          [stack:13507]
7fd358a20000-7fd358c64000 ---p 00000000 00:00 0 
7fd358c64000-7fd358c88000 rw-p 00000000 00:00 0 
7fd358c88000-7fd358ecb000 ---p 00000000 00:00 0 
7fd358ecb000-7fd358fe2000 rw-p 00000000 00:00 0 
7fd358fe2000-7fd358fff000 ---p 00000000 00:00 0 
7fd358fff000-7fd359000000 rw-p 00000000 00:00 0 
7fd359000000-7fd359f70000 rwxp 00000000 00:00 0 
7fd359f70000-7fd368000000 ---p 00000000 00:00 0 
7fd368000000-7fd3691c9000 rw-p 00000000 00:00 0 
7fd3691c9000-7fd36c000000 ---p 00000000 00:00 0 
7fd36c006000-7fd36c011000 r--s 00086000 00:22 12717990                   /home/victor/.m2/repository/org/mongodb/mongo-java-driver/2.12.5/mongo-java-driver-2.12.5.jar
7fd36c012000-7fd36c0d7000 rw-p 00000000 00:00 0 
7fd36c0d7000-7fd36c0d8000 ---p 00000000 00:00 0 
7fd36c0d8000-7fd36c216000 rw-p 00000000 00:00 0                          [stack:13506]
7fd36c216000-7fd36c598000 ---p 00000000 00:00 0 
7fd36c598000-7fd36c5b2000 r-xp 00000000 08:04 6952533                    /usr/lib/jvm/java-8-oracle/jre/lib/amd64/libzip.so
7fd36c5b2000-7fd36c7b2000 ---p 0001a000 08:04 6952533                    /usr/lib/jvm/java-8-oracle/jre/lib/amd64/libzip.so
7fd36c7b2000-7fd36c7b3000 rw-p 0001a000 08:04 6952533                    /usr/lib/jvm/java-8-oracle/jre/lib/amd64/libzip.so
7fd36c7b8000-7fd36c7c3000 r-xp 00000000 08:04 10359063                   /lib/x86_64-linux-gnu/libnss_files-2.19.so
7fd36c7c3000-7fd36c9c2000 ---p 0000b000 08:04 10359063                   /lib/x86_64-linux-gnu/libnss_files-2.19.so
7fd36c9c2000-7fd36c9c3000 r--p 0000a000 08:04 10359063                   /lib/x86_64-linux-gnu/libnss_files-2.19.so
7fd36c9c3000-7fd36c9c4000 rw-p 0000b000 08:04 10359063                   /lib/x86_64-linux-gnu/libnss_files-2.19.so
7fd36c9c8000-7fd36c9d3000 r-xp 00000000 08:04 10359083                   /lib/x86_64-linux-gnu/libnss_nis-2.19.so
7fd36c9d3000-7fd36cbd2000 ---p 0000b000 08:04 10359083                   /lib/x86_64-linux-gnu/libnss_nis-2.19.so
7fd36cbd2000-7fd36cbd3000 r--p 0000a000 08:04 10359083                   /lib/x86_64-linux-gnu/libnss_nis-2.19.so
7fd36cbd3000-7fd36cbd4000 rw-p 0000b000 08:04 10359083                   /lib/x86_64-linux-gnu/libnss_nis-2.19.so
7fd36cbd8000-7fd36cbef000 r-xp 00000000 08:04 10359072                   /lib/x86_64-linux-gnu/libnsl-2.19.so
7fd36cbef000-7fd36cdee000 ---p 00017000 08:04 10359072                   /lib/x86_64-linux-gnu/libnsl-2.19.so
7fd36cdee000-7fd36cdef000 r--p 00016000 08:04 10359072                   /lib/x86_64-linux-gnu/libnsl-2.19.so
7fd36cdef000-7fd36cdf0000 rw-p 00017000 08:04 10359072                   /lib/x86_64-linux-gnu/libnsl-2.19.so
7fd36cdf0000-7fd36cdf2000 rw-p 00000000 00:00 0 
7fd36cdf8000-7fd36ce01000 r-xp 00000000 08:04 10359071                   /lib/x86_64-linux-gnu/libnss_compat-2.19.so
7fd36ce01000-7fd36d000000 ---p 00009000 08:04 10359071                   /lib/x86_64-linux-gnu/libnss_compat-2.19.so
7fd36d000000-7fd36d001000 r--p 00008000 08:04 10359071                   /lib/x86_64-linux-gnu/libnss_compat-2.19.so
7fd36d001000-7fd36d002000 rw-p 00009000 08:04 10359071                   /lib/x86_64-linux-gnu/libnss_compat-2.19.so
7fd36d008000-7fd36d402000 r--p 00000000 08:04 925464                     /usr/lib/locale/locale-archive
7fd36d408000-7fd36d40a000 r-xp 00000000 08:04 6952546                    /usr/lib/jvm/java-8-oracle/jre/lib/amd64/libnpt.so
7fd36d40a000-7fd36d60a000 ---p 00002000 08:04 6952546                    /usr/lib/jvm/java-8-oracle/jre/lib/amd64/libnpt.so
7fd36d60a000-7fd36d60b000 rw-p 00002000 08:04 6952546                    /usr/lib/jvm/java-8-oracle/jre/lib/amd64/libnpt.so
7fd36d610000-7fd36d649000 r-xp 00000000 08:04 6950740                    /usr/lib/jvm/java-8-oracle/jre/lib/amd64/libjdwp.so
7fd36d649000-7fd36d848000 ---p 00039000 08:04 6950740                    /usr/lib/jvm/java-8-oracle/jre/lib/amd64/libjdwp.so
7fd36d848000-7fd36d84a000 rw-p 00038000 08:04 6950740                    /usr/lib/jvm/java-8-oracle/jre/lib/amd64/libjdwp.so
7fd36d850000-7fd36d87a000 r-xp 00000000 08:04 6950745                    /usr/lib/jvm/java-8-oracle/jre/lib/amd64/libjava.so
7fd36d87a000-7fd36da7a000 ---p 0002a000 08:04 6950745                    /usr/lib/jvm/java-8-oracle/jre/lib/amd64/libjava.so
7fd36da7a000-7fd36da7c000 rw-p 0002a000 08:04 6950745                    /usr/lib/jvm/java-8-oracle/jre/lib/amd64/libjava.so
7fd36da80000-7fd36da8d000 r-xp 00000000 08:04 6952543                    /usr/lib/jvm/java-8-oracle/jre/lib/amd64/libverify.so
7fd36da8d000-7fd36dc8d000 ---p 0000d000 08:04 6952543                    /usr/lib/jvm/java-8-oracle/jre/lib/amd64/libverify.so
7fd36dc8d000-7fd36dc8f000 rw-p 0000d000 08:04 6952543                    /usr/lib/jvm/java-8-oracle/jre/lib/amd64/libverify.so
7fd36dc90000-7fd36dc97000 r-xp 00000000 08:04 10359080                   /lib/x86_64-linux-gnu/librt-2.19.so
7fd36dc97000-7fd36de96000 ---p 00007000 08:04 10359080                   /lib/x86_64-linux-gnu/librt-2.19.so
7fd36de96000-7fd36de97000 r--p 00006000 08:04 10359080                   /lib/x86_64-linux-gnu/librt-2.19.so
7fd36de97000-7fd36de98000 rw-p 00007000 08:04 10359080                   /lib/x86_64-linux-gnu/librt-2.19.so
7fd36de98000-7fd36df9d000 r-xp 00000000 08:04 10354714                   /lib/x86_64-linux-gnu/libm-2.19.so
7fd36df9d000-7fd36e19c000 ---p 00105000 08:04 10354714                   /lib/x86_64-linux-gnu/libm-2.19.so
7fd36e19c000-7fd36e19d000 r--p 00104000 08:04 10354714                   /lib/x86_64-linux-gnu/libm-2.19.so
7fd36e19d000-7fd36e19e000 rw-p 00105000 08:04 10354714                   /lib/x86_64-linux-gnu/libm-2.19.so
7fd36e1a0000-7fd36ee4e000 r-xp 00000000 08:04 6950962                    /usr/lib/jvm/java-8-oracle/jre/lib/amd64/server/libjvm.so
7fd36ee4e000-7fd36f04d000 ---p 00cae000 08:04 6950962                    /usr/lib/jvm/java-8-oracle/jre/lib/amd64/server/libjvm.so
7fd36f04d000-7fd36f124000 rw-p 00cad000 08:04 6950962                    /usr/lib/jvm/java-8-oracle/jre/lib/amd64/server/libjvm.so
7fd36f124000-7fd36f168000 rw-p 00000000 00:00 0 
7fd36f168000-7fd36f323000 r-xp 00000000 08:04 10359077                   /lib/x86_64-linux-gnu/libc-2.19.so
7fd36f323000-7fd36f522000 ---p 001bb000 08:04 10359077                   /lib/x86_64-linux-gnu/libc-2.19.so
7fd36f522000-7fd36f526000 r--p 001ba000 08:04 10359077                   /lib/x86_64-linux-gnu/libc-2.19.so
7fd36f526000-7fd36f528000 rw-p 001be000 08:04 10359077                   /lib/x86_64-linux-gnu/libc-2.19.so
7fd36f528000-7fd36f52d000 rw-p 00000000 00:00 0 
7fd36f530000-7fd36f533000 r-xp 00000000 08:04 10359066                   /lib/x86_64-linux-gnu/libdl-2.19.so
7fd36f533000-7fd36f732000 ---p 00003000 08:04 10359066                   /lib/x86_64-linux-gnu/libdl-2.19.so
7fd36f732000-7fd36f733000 r--p 00002000 08:04 10359066                   /lib/x86_64-linux-gnu/libdl-2.19.so
7fd36f733000-7fd36f734000 rw-p 00003000 08:04 10359066                   /lib/x86_64-linux-gnu/libdl-2.19.so
7fd36f738000-7fd36f74d000 r-xp 00000000 08:04 6825847                    /usr/lib/jvm/java-8-oracle/lib/amd64/jli/libjli.so
7fd36f74d000-7fd36f94d000 ---p 00015000 08:04 6825847                    /usr/lib/jvm/java-8-oracle/lib/amd64/jli/libjli.so
7fd36f94d000-7fd36f94e000 rw-p 00015000 08:04 6825847                    /usr/lib/jvm/java-8-oracle/lib/amd64/jli/libjli.so
7fd36f950000-7fd36f969000 r-xp 00000000 08:04 10359078                   /lib/x86_64-linux-gnu/libpthread-2.19.so
7fd36f969000-7fd36fb68000 ---p 00019000 08:04 10359078                   /lib/x86_64-linux-gnu/libpthread-2.19.so
7fd36fb68000-7fd36fb69000 r--p 00018000 08:04 10359078                   /lib/x86_64-linux-gnu/libpthread-2.19.so
7fd36fb69000-7fd36fb6a000 rw-p 00019000 08:04 10359078                   /lib/x86_64-linux-gnu/libpthread-2.19.so
7fd36fb6a000-7fd36fb6e000 rw-p 00000000 00:00 0 
7fd36fb70000-7fd36fb93000 r-xp 00000000 08:04 10359074                   /lib/x86_64-linux-gnu/ld-2.19.so
7fd36fb97000-7fd36fb98000 r--s 00007000 00:22 14949144                   /home/victor/.m2/repository/org/slf4j/slf4j-api/1.7.11/slf4j-api-1.7.11.jar
7fd36fb9c000-7fd36fc65000 rw-p 00000000 00:00 0 
7fd36fc65000-7fd36fc68000 ---p 00000000 00:00 0 
7fd36fc68000-7fd36fd68000 rw-p 00000000 00:00 0                          [stack:13505]
7fd36fd6f000-7fd36fd76000 r--s 00037000 00:22 14949133                   /home/victor/.m2/repository/org/springframework/spring-tx/4.1.6.RELEASE/spring-tx-4.1.6.RELEASE.jar
7fd36fd78000-7fd36fd79000 r--s 00000000 00:22 1322253                    /home/victor/.m2/repository/org/springframework/boot/spring-boot-starter/1.2.3.RELEASE/spring-boot-starter-1.2.3.RELEASE.jar
7fd36fd80000-7fd36fd81000 r--s 00000000 00:22 1707079                    /home/victor/.m2/repository/org/springframework/boot/spring-boot-starter-data-mongodb/1.2.3.RELEASE/spring-boot-starter-data-mongodb-1.2.3.RELEASE.jar
7fd36fd86000-7fd36fd88000 rw-p 00000000 00:00 0 
7fd36fd88000-7fd36fd90000 rw-s 00000000 08:04 14424909                   /tmp/hsperfdata_victor/13499
7fd36fd90000-7fd36fd92000 rw-p 00000000 00:00 0 
7fd36fd92000-7fd36fd93000 r--p 00022000 08:04 10359074                   /lib/x86_64-linux-gnu/ld-2.19.so
7fd36fd93000-7fd36fd94000 rw-p 00023000 08:04 10359074                   /lib/x86_64-linux-gnu/ld-2.19.so
7fd36fd94000-7fd36fd95000 rw-p 00000000 00:00 0 
7fd36fd95000-7fd36fd96000 r--p 00000000 00:00 0 
7fd36fd96000-7fd36fd9a000 rw-p 00000000 00:00 0 
7fff7e78e000-7fff7e7b3000 rw-p 00000000 00:00 0                          [stack]
7fff7e800000-7fff7e802000 r-xp 00000000 00:00 0                          [vdso]
ffffffffff600000-ffffffffff601000 r-xp 00000000 00:00 0                  [vsyscall]

VM Arguments:
jvm_args: -agentlib:jdwp=transport=dt_socket,suspend=y,address=localhost:52017 -Dspring.liveBeansView.mbeanDomain -Dcom.sun.management.jmxremote -Dcom.sun.management.jmxremote.port=13803 -Dcom.sun.management.jmxremote.authenticate=false -Dcom.sun.management.jmxremote.ssl=false -Dfile.encoding=UTF-8 
java_command: com.pizza.Application
java_class_path (initial): /home/victor/dev/pizza-app-backend/pizzabackend/target/classes:/home/victor/dev/pizza-app-backend/pizzabackend/target/test-classes:/home/victor/.m2/repository/org/springframework/boot/spring-boot-starter-data-mongodb/1.2.3.RELEASE/spring-boot-starter-data-mongodb-1.2.3.RELEASE.jar:/home/victor/.m2/repository/org/springframework/boot/spring-boot-starter/1.2.3.RELEASE/spring-boot-starter-1.2.3.RELEASE.jar:/home/victor/.m2/repository/org/mongodb/mongo-java-driver/2.12.5/mongo-java-driver-2.12.5.jar:/home/victor/.m2/repository/org/springframework/spring-core/4.1.6.RELEASE/spring-core-4.1.6.RELEASE.jar:/home/victor/.m2/repository/org/springframework/spring-tx/4.1.6.RELEASE/spring-tx-4.1.6.RELEASE.jar:/home/victor/.m2/repository/org/springframework/data/spring-data-mongodb/1.6.2.RELEASE/spring-data-mongodb-1.6.2.RELEASE.jar:/home/victor/.m2/repository/org/springframework/data/spring-data-commons/1.9.2.RELEASE/spring-data-commons-1.9.2.RELEASE.jar:/home/victor/.m2/repository/org/slf4j/slf4j-api/1.7.11/slf4j-api-1.7.11.jar:/home/victor/.m2/repository/org/springframework/boot/spring-boot-starter-data-rest/1.2.3.RELEASE/spring-boot-starter-data-rest-1.2.3.RELEASE.jar:/home/victor/.m2/repository/com/fasterxml/jackson/core/jackson-annotations/2.4.5/jackson-annotations-2.4.5.jar:/home/victor/.m2/repository/com/fasterxml/jackson/core/jackson-databind/2.4.5/jackson-databind-2.4.5.jar:/home/victor/.m2/repository/com/fasterxml/jackson/core/jackson-core/2.4.5/jackson-core-2.4.5.jar:/home/victor/.m2/repository/org/springframework/data/spring-data-rest-webmvc/2.2.2.RELEASE/spring-data-rest-webmvc-2.2.2.RELEASE.jar:/home/victor/.m2/repository/org/springframework/data/spring-data-rest-core/2.2.2.RELEASE/spring-data-rest-core-2.2.2.RELEASE.jar:/home/victor/.m2/repository/org/springframework/hateoas/spring-hateoas/0.16.0.RELEASE/spring-hateoas-0.16.0.RELEASE.jar:/home/victor/.m2/repository/org/springframework/plugin/spring-plugin-core/1.1.0.RELEASE/spring-plugi
Launcher Type: SUN_STANDARD

Environment Variables:
JAVA_HOME=/usr/lib/jvm/java-8-oracle
PATH=/home/victor/.nvm/versions/node/v0.12.0/bin:/home/victor/local/bin:/home/victor/software/apache-maven-3.3.1/bin:/home/victor/bin:/usr/local/sbin:/usr/local/bin:/usr/sbin:/usr/bin:/sbin:/bin:/usr/games:/usr/local/games:/usr/lib/jvm/java-8-oracle/bin:/usr/lib/jvm/java-8-oracle/db/bin:/usr/lib/jvm/java-8-oracle/jre/bin
USERNAME=victor
SHELL=/bin/bash
DISPLAY=:0

Signal Handlers:
SIGSEGV: [libjvm.so+0xaad1e0], sa_mask[0]=11111111011111111101111111111110, sa_flags=SA_RESTART|SA_SIGINFO
SIGBUS: [libjvm.so+0xaad1e0], sa_mask[0]=11111111011111111101111111111110, sa_flags=SA_RESTART|SA_SIGINFO
SIGFPE: [libjvm.so+0x90b450], sa_mask[0]=11111111011111111101111111111110, sa_flags=SA_RESTART|SA_SIGINFO
SIGPIPE: [libjvm.so+0x90b450], sa_mask[0]=11111111011111111101111111111110, sa_flags=SA_RESTART|SA_SIGINFO
SIGXFSZ: [libjvm.so+0x90b450], sa_mask[0]=11111111011111111101111111111110, sa_flags=SA_RESTART|SA_SIGINFO
SIGILL: [libjvm.so+0x90b450], sa_mask[0]=11111111011111111101111111111110, sa_flags=SA_RESTART|SA_SIGINFO
SIGUSR1: SIG_DFL, sa_mask[0]=00000000000000000000000000000000, sa_flags=none
SIGUSR2: [libjvm.so+0x90ca90], sa_mask[0]=00100000000000000000000000000000, sa_flags=SA_RESTART|SA_SIGINFO
SIGHUP: [libjvm.so+0x90dde0], sa_mask[0]=11111111011111111101111111111110, sa_flags=SA_RESTART|SA_SIGINFO
SIGINT: [libjvm.so+0x90dde0], sa_mask[0]=11111111011111111101111111111110, sa_flags=SA_RESTART|SA_SIGINFO
SIGTERM: [libjvm.so+0x90dde0], sa_mask[0]=11111111011111111101111111111110, sa_flags=SA_RESTART|SA_SIGINFO
SIGQUIT: [libjvm.so+0x90dde0], sa_mask[0]=11111111011111111101111111111110, sa_flags=SA_RESTART|SA_SIGINFO


---------------  S Y S T E M  ---------------

OS:DISTRIB_ID=LinuxMint
DISTRIB_RELEASE=17.1
DISTRIB_CODENAME=rebecca
DISTRIB_DESCRIPTION="Linux Mint 17.1 Rebecca"

uname:Linux 3.13.0-37-generic #64-Ubuntu SMP Mon Sep 22 21:28:38 UTC 2014 x86_64
libc:glibc 2.19 NPTL 2.19 
rlimit: STACK 8192k, CORE 0k, NPROC 58506, NOFILE 4096, AS infinity
load average:1,41 1,29 1,18

/proc/meminfo:
MemTotal:        7561036 kB
MemFree:          151068 kB
Buffers:           50336 kB
Cached:          1263460 kB
SwapCached:         2240 kB
Active:          4434248 kB
Inactive:        1524820 kB
Active(anon):    3814284 kB
Inactive(anon):   908084 kB
Active(file):     619964 kB
Inactive(file):   616736 kB
Unevictable:          32 kB
Mlocked:              32 kB
SwapTotal:       7832572 kB
SwapFree:        7822860 kB
Dirty:               252 kB
Writeback:             0 kB
AnonPages:       4643200 kB
Mapped:           925204 kB
Shmem:             77012 kB
Slab:             340952 kB
SReclaimable:     179860 kB
SUnreclaim:       161092 kB
KernelStack:        7152 kB
PageTables:        76232 kB
NFS_Unstable:          0 kB
Bounce:                0 kB
WritebackTmp:          0 kB
CommitLimit:    11613088 kB
Committed_AS:   11483244 kB
VmallocTotal:   34359738367 kB
VmallocUsed:      111056 kB
VmallocChunk:   34359615996 kB
HardwareCorrupted:     0 kB
AnonHugePages:   1818624 kB
HugePages_Total:       0
HugePages_Free:        0
HugePages_Rsvd:        0
HugePages_Surp:        0
Hugepagesize:       2048 kB
DirectMap4k:     3187452 kB
DirectMap2M:     4642816 kB
DirectMap1G:           0 kB


CPU:total 4 (4 cores per cpu, 1 threads per core) family 21 model 16 stepping 1, cmov, cx8, fxsr, mmx, sse, sse2, sse3, ssse3, sse4.1, sse4.2, popcnt, avx, aes, clmul, mmxext, 3dnowpref, lzcnt, sse4a, tsc, tscinvbit, tscinv, bmi1

/proc/cpuinfo:
processor	: 0
vendor_id	: AuthenticAMD
cpu family	: 21
model		: 16
model name	: AMD A10-4600M APU with Radeon(tm) HD Graphics
stepping	: 1
microcode	: 0x6001116
cpu MHz		: 1800.000
cache size	: 2048 KB
physical id	: 0
siblings	: 4
core id		: 0
cpu cores	: 2
apicid		: 16
initial apicid	: 0
fpu		: yes
fpu_exception	: yes
cpuid level	: 13
wp		: yes
flags		: fpu vme de pse tsc msr pae mce cx8 apic sep mtrr pge mca cmov pat pse36 clflush mmx fxsr sse sse2 ht syscall nx mmxext fxsr_opt pdpe1gb rdtscp lm constant_tsc rep_good nopl nonstop_tsc extd_apicid aperfmperf pni pclmulqdq monitor ssse3 fma cx16 sse4_1 sse4_2 popcnt aes xsave avx f16c lahf_lm cmp_legacy svm extapic cr8_legacy abm sse4a misalignsse 3dnowprefetch osvw ibs xop skinit wdt lwp fma4 tce nodeid_msr tbm topoext perfctr_core perfctr_nb arat cpb hw_pstate npt lbrv svm_lock nrip_save tsc_scale vmcb_clean flushbyasid decodeassists pausefilter pfthreshold bmi1
bogomips	: 4591.36
TLB size	: 1536 4K pages
clflush size	: 64
cache_alignment	: 64
address sizes	: 48 bits physical, 48 bits virtual
power management: ts ttp tm 100mhzsteps hwpstate cpb eff_freq_ro

processor	: 1
vendor_id	: AuthenticAMD
cpu family	: 21
model		: 16
model name	: AMD A10-4600M APU with Radeon(tm) HD Graphics  
stepping	: 1
microcode	: 0x6001116
cpu MHz		: 1400.000
cache size	: 2048 KB
physical id	: 0
siblings	: 4
core id		: 1
cpu cores	: 2
apicid		: 17
initial apicid	: 1
fpu		: yes
fpu_exception	: yes
cpuid level	: 13
wp		: yes
flags		: fpu vme de pse tsc msr pae mce cx8 apic sep mtrr pge mca cmov pat pse36 clflush mmx fxsr sse sse2 ht syscall nx mmxext fxsr_opt pdpe1gb rdtscp lm constant_tsc rep_good nopl nonstop_tsc extd_apicid aperfmperf pni pclmulqdq monitor ssse3 fma cx16 sse4_1 sse4_2 popcnt aes xsave avx f16c lahf_lm cmp_legacy svm extapic cr8_legacy abm sse4a misalignsse 3dnowprefetch osvw ibs xop skinit wdt lwp fma4 tce nodeid_msr tbm topoext perfctr_core perfctr_nb arat cpb hw_pstate npt lbrv svm_lock nrip_save tsc_scale vmcb_clean flushbyasid decodeassists pausefilter pfthreshold bmi1
bogomips	: 4591.36
TLB size	: 1536 4K pages
clflush size	: 64
cache_alignment	: 64
address sizes	: 48 bits physical, 48 bits virtual
power management: ts ttp tm 100mhzsteps hwpstate cpb eff_freq_ro

processor	: 2
vendor_id	: AuthenticAMD
cpu family	: 21
model		: 16
model name	: AMD A10-4600M APU with Radeon(tm) HD Graphics  
stepping	: 1
microcode	: 0x6001116
cpu MHz		: 1400.000
cache size	: 2048 KB
physical id	: 0
siblings	: 4
core id		: 2
cpu cores	: 2
apicid		: 18
initial apicid	: 2
fpu		: yes
fpu_exception	: yes
cpuid level	: 13
wp		: yes
flags		: fpu vme de pse tsc msr pae mce cx8 apic sep mtrr pge mca cmov pat pse36 clflush mmx fxsr sse sse2 ht syscall nx mmxext fxsr_opt pdpe1gb rdtscp lm constant_tsc rep_good nopl nonstop_tsc extd_apicid aperfmperf pni pclmulqdq monitor ssse3 fma cx16 sse4_1 sse4_2 popcnt aes xsave avx f16c lahf_lm cmp_legacy svm extapic cr8_legacy abm sse4a misalignsse 3dnowprefetch osvw ibs xop skinit wdt lwp fma4 tce nodeid_msr tbm topoext perfctr_core perfctr_nb arat cpb hw_pstate npt lbrv svm_lock nrip_save tsc_scale vmcb_clean flushbyasid decodeassists pausefilter pfthreshold bmi1
bogomips	: 4591.36
TLB size	: 1536 4K pages
clflush size	: 64
cache_alignment	: 64
address sizes	: 48 bits physical, 48 bits virtual
power management: ts ttp tm 100mhzsteps hwpstate cpb eff_freq_ro

processor	: 3
vendor_id	: AuthenticAMD
cpu family	: 21
model		: 16
model name	: AMD A10-4600M APU with Radeon(tm) HD Graphics  
stepping	: 1
microcode	: 0x6001116
cpu MHz		: 2300.000
cache size	: 2048 KB
physical id	: 0
siblings	: 4
core id		: 3
cpu cores	: 2
apicid		: 19
initial apicid	: 3
fpu		: yes
fpu_exception	: yes
cpuid level	: 13
wp		: yes
flags		: fpu vme de pse tsc msr pae mce cx8 apic sep mtrr pge mca cmov pat pse36 clflush mmx fxsr sse sse2 ht syscall nx mmxext fxsr_opt pdpe1gb rdtscp lm constant_tsc rep_good nopl nonstop_tsc extd_apicid aperfmperf pni pclmulqdq monitor ssse3 fma cx16 sse4_1 sse4_2 popcnt aes xsave avx f16c lahf_lm cmp_legacy svm extapic cr8_legacy abm sse4a misalignsse 3dnowprefetch osvw ibs xop skinit wdt lwp fma4 tce nodeid_msr tbm topoext perfctr_core perfctr_nb arat cpb hw_pstate npt lbrv svm_lock nrip_save tsc_scale vmcb_clean flushbyasid decodeassists pausefilter pfthreshold bmi1
bogomips	: 4591.36
TLB size	: 1536 4K pages
clflush size	: 64
cache_alignment	: 64
address sizes	: 48 bits physical, 48 bits virtual
power management: ts ttp tm 100mhzsteps hwpstate cpb eff_freq_ro



Memory: 4k page, physical 7561036k(151068k free), swap 7832572k(7822860k free)

vm_info: Java HotSpot(TM) 64-Bit Server VM (25.45-b02) for linux-amd64 JRE (1.8.0_45-b14), built on Apr 10 2015 10:07:45 by "java_re" with gcc 4.3.0 20080428 (Red Hat 4.3.0-8)

time: Thu Apr 30 01:27:07 2015
elapsed time: 447 seconds (0d 0h 7m 27s)

